# JRE version: OpenJDK Runtime Environment (11.0.10) (build 11.0.10+0-b96-7249189)
# Java VM: OpenJDK 64-Bit Server VM (11.0.10+0-b96-7249189, mixed mode, tiered, compressed oops, g1 gc, linux-amd64)
Heap:
 garbage-first heap   total 332800K, used 118978K [0x0000000080000000, 0x0000000100000000)
  region size 1024K, 9 young (9216K), 9 survivors (9216K)
 Metaspace       used 103723K, capacity 106306K, committed 106624K, reserved 1142784K
  class space    used 13152K, capacity 14114K, committed 14208K, reserved 1048576K
GC Heap History (20 events):
Event: 19.193 GC heap after
{Heap after GC invocations=24 (full 0):
 garbage-first heap   total 163840K, used 81533K [0x0000000080000000, 0x0000000100000000)
  region size 1024K, 4 young (4096K), 4 survivors (4096K)
 Metaspace       used 67982K, capacity 69744K, committed 69888K, reserved 1110016K
  class space    used 8584K, capacity 9191K, committed 9216K, reserved 1048576K
}
Event: 19.859 GC heap before
{Heap before GC invocations=24 (full 0):
 garbage-first heap   total 163840K, used 121469K [0x0000000080000000, 0x0000000100000000)
  region size 1024K, 43 young (44032K), 4 survivors (4096K)
 Metaspace       used 69705K, capacity 71596K, committed 71936K, reserved 1112064K
  class space    used 8815K, capacity 9466K, committed 9472K, reserved 1048576K
}
Event: 19.885 GC heap after
{Heap after GC invocations=25 (full 0):
 garbage-first heap   total 163840K, used 85173K [0x0000000080000000, 0x0000000100000000)
  region size 1024K, 6 young (6144K), 6 survivors (6144K)
 Metaspace       used 69705K, capacity 71596K, committed 71936K, reserved 1112064K
  class space    used 8815K, capacity 9466K, committed 9472K, reserved 1048576K
}
Event: 20.837 GC heap before
{Heap before GC invocations=26 (full 0):
 garbage-first heap   total 163840K, used 125109K [0x0000000080000000, 0x0000000100000000)
  region size 1024K, 45 young (46080K), 6 survivors (6144K)
 Metaspace       used 73792K, capacity 75759K, committed 76032K, reserved 1116160K
  class space    used 9494K, capacity 10167K, committed 10240K, reserved 1048576K
}
Event: 20.861 GC heap after
{Heap after GC invocations=27 (full 0):
 garbage-first heap   total 196608K, used 87809K [0x0000000080000000, 0x0000000100000000)
  region size 1024K, 3 young (3072K), 3 survivors (3072K)
 Metaspace       used 73792K, capacity 75759K, committed 76032K, reserved 1116160K
  class space    used 9494K, capacity 10167K, committed 10240K, reserved 1048576K
}
Event: 21.507 GC heap before
{Heap before GC invocations=27 (full 0):
 garbage-first heap   total 196608K, used 139009K [0x0000000080000000, 0x0000000100000000)
  region size 1024K, 53 young (54272K), 3 survivors (3072K)
 Metaspace       used 75557K, capacity 77531K, committed 77824K, reserved 1116160K
  class space    used 9769K, capacity 10440K, committed 10496K, reserved 1048576K
}
Event: 21.530 GC heap after
{Heap after GC invocations=28 (full 0):
 garbage-first heap   total 196608K, used 90749K [0x0000000080000000, 0x0000000100000000)
  region size 1024K, 6 young (6144K), 6 survivors (6144K)
 Metaspace       used 75557K, capacity 77531K, committed 77824K, reserved 1116160K
  class space    used 9769K, capacity 10440K, committed 10496K, reserved 1048576K
}
Event: 23.643 GC heap before
{Heap before GC invocations=28 (full 0):
 garbage-first heap   total 196608K, used 141949K [0x0000000080000000, 0x0000000100000000)
  region size 1024K, 57 young (58368K), 6 survivors (6144K)
 Metaspace       used 79911K, capacity 81940K, committed 82176K, reserved 1120256K
  class space    used 10240K, capacity 10915K, committed 11008K, reserved 1048576K
}
Event: 23.667 GC heap after
{Heap after GC invocations=29 (full 0):
 garbage-first heap   total 196608K, used 95314K [0x0000000080000000, 0x0000000100000000)
  region size 1024K, 8 young (8192K), 8 survivors (8192K)
 Metaspace       used 79911K, capacity 81940K, committed 82176K, reserved 1120256K
  class space    used 10240K, capacity 10915K, committed 11008K, reserved 1048576K
}
Event: 24.664 GC heap before
{Heap before GC invocations=29 (full 0):
 garbage-first heap   total 196608K, used 133202K [0x0000000080000000, 0x0000000100000000)
  region size 1024K, 47 young (48128K), 8 survivors (8192K)
 Metaspace       used 82592K, capacity 84704K, committed 84864K, reserved 1122304K
  class space    used 10575K, capacity 11280K, committed 11392K, reserved 1048576K
}
Event: 24.708 GC heap after
{Heap after GC invocations=30 (full 0):
 garbage-first heap   total 196608K, used 99410K [0x0000000080000000, 0x0000000100000000)
  region size 1024K, 5 young (5120K), 5 survivors (5120K)
 Metaspace       used 82592K, capacity 84704K, committed 84864K, reserved 1122304K
  class space    used 10575K, capacity 11280K, committed 11392K, reserved 1048576K
}
Event: 27.299 GC heap before
{Heap before GC invocations=31 (full 0):
 garbage-first heap   total 196608K, used 151634K [0x0000000080000000, 0x0000000100000000)
  region size 1024K, 55 young (56320K), 5 survivors (5120K)
 Metaspace       used 89678K, capacity 91931K, committed 92032K, reserved 1128448K
  class space    used 11415K, capacity 12160K, committed 12160K, reserved 1048576K
}
Event: 27.332 GC heap after
{Heap after GC invocations=32 (full 0):
 garbage-first heap   total 236544K, used 100601K [0x0000000080000000, 0x0000000100000000)
  region size 1024K, 6 young (6144K), 6 survivors (6144K)
 Metaspace       used 89678K, capacity 91931K, committed 92032K, reserved 1128448K
  class space    used 11415K, capacity 12160K, committed 12160K, reserved 1048576K
}
Event: 31.307 GC heap before
{Heap before GC invocations=32 (full 0):
 garbage-first heap   total 236544K, used 172281K [0x0000000080000000, 0x0000000100000000)
  region size 1024K, 77 young (78848K), 6 survivors (6144K)
 Metaspace       used 92739K, capacity 95118K, committed 95360K, reserved 1132544K
  class space    used 11785K, capacity 12597K, committed 12672K, reserved 1048576K
}
Event: 31.419 GC heap after
{Heap after GC invocations=33 (full 0):
 garbage-first heap   total 236544K, used 106407K [0x0000000080000000, 0x0000000100000000)
  region size 1024K, 9 young (9216K), 9 survivors (9216K)
 Metaspace       used 92739K, capacity 95118K, committed 95360K, reserved 1132544K
  class space    used 11785K, capacity 12597K, committed 12672K, reserved 1048576K
}
Event: 38.056 GC heap before
{Heap before GC invocations=33 (full 0):
 garbage-first heap   total 236544K, used 181159K [0x0000000080000000, 0x0000000100000000)
  region size 1024K, 83 young (84992K), 9 survivors (9216K)
 Metaspace       used 93769K, capacity 96240K, committed 96512K, reserved 1132544K
  class space    used 11854K, capacity 12715K, committed 12800K, reserved 1048576K
}
Event: 38.317 GC heap after
{Heap after GC invocations=34 (full 0):
 garbage-first heap   total 236544K, used 110558K [0x0000000080000000, 0x0000000100000000)
  region size 1024K, 10 young (10240K), 10 survivors (10240K)
 Metaspace       used 93769K, capacity 96240K, committed 96512K, reserved 1132544K
  class space    used 11854K, capacity 12715K, committed 12800K, reserved 1048576K
}
Event: 59.391 GC heap before
{Heap before GC invocations=34 (full 0):
 garbage-first heap   total 236544K, used 188382K [0x0000000080000000, 0x0000000100000000)
  region size 1024K, 86 young (88064K), 10 survivors (10240K)
 Metaspace       used 100132K, capacity 102701K, committed 103040K, reserved 1138688K
  class space    used 12723K, capacity 13632K, committed 13696K, reserved 1048576K
}
Event: 59.579 GC heap after
{Heap after GC invocations=35 (full 0):
 garbage-first heap   total 236544K, used 113603K [0x0000000080000000, 0x0000000100000000)
  region size 1024K, 8 young (8192K), 8 survivors (8192K)
 Metaspace       used 100132K, capacity 102701K, committed 103040K, reserved 1138688K
  class space    used 12723K, capacity 13632K, committed 13696K, reserved 1048576K
}
Event: 82.760 GC heap before
{Heap before GC invocations=35 (full 0):
 garbage-first heap   total 236544K, used 191427K [0x0000000080000000, 0x0000000100000000)
  region size 1024K, 84 young (86016K), 8 survivors (8192K)
 Metaspace       used 103723K, capacity 106306K, committed 106624K, reserved 1142784K
  class space    used 13152K, capacity 14114K, committed 14208K, reserved 1048576K
}

